<?xml version="1.0" encoding="UTF-8"?>
<!-- Generated by org.testng.reporters.JUnitReportReporter -->
<testsuite hostname="IN-J4QJ1J3" failures="0" tests="1" name="Test.SeleniumExitTestAssignmentMaven.AddCartTest" time="15.961" errors="0" timestamp="2022-07-14T09:57:38 IST" skipped="0">
  <testcase classname="Test.SeleniumExitTestAssignmentMaven.AddCartTest" name="Add_Product" time="15.961"/>
  <system-out/>
</testsuite> <!-- Test.SeleniumExitTestAssignmentMaven.AddCartTest -->
