<?xml version="1.0" encoding="UTF-8"?>
<!-- Generated by org.testng.reporters.JUnitReportReporter -->
<testsuite hostname="IN-J4QJ1J3" failures="0" tests="1" name="Test.SeleniumExitTestAssignmentMaven.AddCartTest" time="18.077" errors="0" timestamp="2022-07-14T23:27:48 IST" skipped="0">
  <testcase classname="Test.SeleniumExitTestAssignmentMaven.AddCartTest" name="Add_Product" time="18.077"/>
  <system-out/>
</testsuite> <!-- Test.SeleniumExitTestAssignmentMaven.AddCartTest -->
