<?xml version="1.0" encoding="UTF-8"?>
<!-- Generated by org.testng.reporters.JUnitReportReporter -->
<testsuite hostname="IN-J4QJ1J3" failures="0" tests="2" name="Test.SeleniumExitTestAssignmentMaven.SocialMediaTest" time="23.577" errors="0" timestamp="2022-07-14T23:27:48 IST" skipped="0">
  <testcase classname="Test.SeleniumExitTestAssignmentMaven.SocialMediaTest" name="verify_social_media_youtube" time="9.608"/>
  <system-out/>
  <testcase classname="Test.SeleniumExitTestAssignmentMaven.SocialMediaTest" name="verify_social_media_facebook" time="13.969"/>
  <system-out/>
</testsuite> <!-- Test.SeleniumExitTestAssignmentMaven.SocialMediaTest -->
