<?xml version="1.0" encoding="UTF-8"?>
<!-- Generated by org.testng.reporters.JUnitReportReporter -->
<testsuite hostname="IN-J4QJ1J3" failures="0" tests="1" name="Test.SeleniumExitTestAssignmentMaven.CustomerCareTest" time="10.037" errors="0" timestamp="2022-07-14T23:27:48 IST" skipped="0">
  <testcase classname="Test.SeleniumExitTestAssignmentMaven.CustomerCareTest" name="customer_sevice" time="10.037"/>
  <system-out/>
</testsuite> <!-- Test.SeleniumExitTestAssignmentMaven.CustomerCareTest -->
