<?xml version="1.0" encoding="UTF-8"?>
<!-- Generated by org.testng.reporters.JUnitReportReporter -->
<testsuite hostname="IN-J4QJ1J3" failures="0" tests="3" name="Test.SeleniumExitTestAssignmentMaven.SearchTest" time="49.755" errors="0" timestamp="2022-07-14T23:31:13 IST" skipped="0">
  <testcase classname="Test.SeleniumExitTestAssignmentMaven.SearchTest" name="validSearch" time="15.118"/>
  <system-out/>
  <testcase classname="Test.SeleniumExitTestAssignmentMaven.SearchTest" name="validSearch" time="19.565"/>
  <system-out/>
  <testcase classname="Test.SeleniumExitTestAssignmentMaven.SearchTest" name="validSearch" time="15.072"/>
  <system-out/>
</testsuite> <!-- Test.SeleniumExitTestAssignmentMaven.SearchTest -->
