<?xml version="1.0" encoding="UTF-8"?>
<!-- Generated by org.testng.reporters.JUnitReportReporter -->
<testsuite hostname="IN-J4QJ1J3" failures="0" tests="3" name="Test.SeleniumExitTestAssignmentMaven.SearchTest" time="58.260" errors="0" timestamp="2022-07-14T15:02:01 IST" skipped="0">
  <testcase classname="Test.SeleniumExitTestAssignmentMaven.SearchTest" name="validSearch" time="20.021"/>
  <system-out/>
  <testcase classname="Test.SeleniumExitTestAssignmentMaven.SearchTest" name="validSearch" time="18.630"/>
  <system-out/>
  <testcase classname="Test.SeleniumExitTestAssignmentMaven.SearchTest" name="validSearch" time="19.609"/>
  <system-out/>
</testsuite> <!-- Test.SeleniumExitTestAssignmentMaven.SearchTest -->
