<?xml version="1.0" encoding="UTF-8"?>
<!-- Generated by org.testng.reporters.JUnitReportReporter -->
<testsuite hostname="IN-J4QJ1J3" failures="0" tests="2" name="Test.SeleniumExitTestAssignmentMaven.HomeTest" time="19.421" errors="0" timestamp="2022-07-14T23:27:48 IST" skipped="0">
  <testcase classname="Test.SeleniumExitTestAssignmentMaven.HomeTest" name="verify_home_applience_1" time="9.646"/>
  <system-out/>
  <testcase classname="Test.SeleniumExitTestAssignmentMaven.HomeTest" name="verify_home_applience_2" time="9.775"/>
  <system-out/>
</testsuite> <!-- Test.SeleniumExitTestAssignmentMaven.HomeTest -->
