<?xml version="1.0" encoding="UTF-8"?>
<!-- Generated by org.testng.reporters.JUnitReportReporter -->
<testsuite hostname="IN-J4QJ1J3" failures="0" tests="1" name="Test.SeleniumExitTestAssignmentMaven.GiftsCardsTest" time="9.343" errors="0" timestamp="2022-07-14T11:04:05 IST" skipped="0">
  <testcase classname="Test.SeleniumExitTestAssignmentMaven.GiftsCardsTest" name="Gifts" time="9.343"/>
  <system-out/>
</testsuite> <!-- Test.SeleniumExitTestAssignmentMaven.GiftsCardsTest -->
