<?xml version="1.0" encoding="UTF-8"?>
<!-- Generated by org.testng.reporters.JUnitReportReporter -->
<testsuite hostname="IN-J4QJ1J3" failures="0" tests="2" name="Test.SeleniumExitTestAssignmentMaven.LoginTest" time="32.663" errors="0" timestamp="2022-07-14T09:57:38 IST" skipped="0">
  <testcase classname="Test.SeleniumExitTestAssignmentMaven.LoginTest" name="invalid_login" time="18.697"/>
  <system-out/>
  <testcase classname="Test.SeleniumExitTestAssignmentMaven.LoginTest" name="valid_login" time="13.966"/>
  <system-out/>
</testsuite> <!-- Test.SeleniumExitTestAssignmentMaven.LoginTest -->
