<?xml version="1.0" encoding="UTF-8"?>
<!-- Generated by org.testng.reporters.JUnitReportReporter -->
<testsuite hostname="IN-J4QJ1J3" failures="0" tests="5" name="Test.SeleniumExitTestAssignmentMaven.GroceryTest" time="49.763" errors="0" timestamp="2022-07-14T23:27:48 IST" skipped="0">
  <testcase classname="Test.SeleniumExitTestAssignmentMaven.GroceryTest" name="grocery" time="10.101"/>
  <system-out/>
  <testcase classname="Test.SeleniumExitTestAssignmentMaven.GroceryTest" name="grocery" time="10.259"/>
  <system-out/>
  <testcase classname="Test.SeleniumExitTestAssignmentMaven.GroceryTest" name="grocery" time="9.569"/>
  <system-out/>
  <testcase classname="Test.SeleniumExitTestAssignmentMaven.GroceryTest" name="grocery" time="9.972"/>
  <system-out/>
  <testcase classname="Test.SeleniumExitTestAssignmentMaven.GroceryTest" name="grocery" time="9.862"/>
  <system-out/>
</testsuite> <!-- Test.SeleniumExitTestAssignmentMaven.GroceryTest -->
